nohup: ignoring input

> toutiao-hot-monitor@1.0.0 start
> node src/server.js

✅ SQLite 数据库初始化完成
📁 数据库位置：/root/.openclaw/workspace/toutiao-hot-monitor/data/hotspots.db

╔════════════════════════════════════════════════════════╗
║          🔥 头条热点监测工具已启动                      ║
╠════════════════════════════════════════════════════════╣
║  📊 Web 界面：http://localhost:3000                     ║
║  ⏰ 抓取间隔：每 10 分钟                                   ║
║  📁 数据保留：7 天                               ║
║  🛑 按 Ctrl+C 停止                                       ║
╚════════════════════════════════════════════════════════╝
  
⏰ [2026-03-26T01:00:00.141Z] 定时抓取开始
🔍 开始抓取头条热榜：https://www.toutiao.com/
👤 正在获取用户信息...
📁 用户信息已保存：/root/.openclaw/workspace/toutiao-hot-monitor/data/user-info.json
✅ 用户信息：峡谷领略风光的侠客 | 粉丝:- | 关注:- | 获赞:-
🌐 使用 agent-browser 获取头条热点（多来源）...
📡 正在访问页面：https://www.toutiao.com/
⏳ 等待页面加载...
📸 正在获取页面快照...
✅ 来源抓取到 10 条候选热点：https://www.toutiao.com/
📡 正在访问页面：https://www.toutiao.com/?channel=all&source=mine_profile
⏳ 等待页面加载...
📸 正在获取页面快照...
✅ 来源抓取到 10 条候选热点：https://www.toutiao.com/?channel=all&source=mine_profile
✅ 合并后获取到 10 条热点
✅ 已保存 10 条热点数据
✅ 抓取完成，共 10 条热点
